<?xml version="1.0" encoding="UTF-8"?>
<!-- Generated by org.testng.reporters.JUnitReportReporter -->
<testsuite hostname="DESKTOP-0TQKAOR" failures="0" tests="1" name="Rest_Day1.Rest_Day1" time="7.670" errors="0" timestamp="2024-01-24T20:39:39 IST" skipped="0">
  <testcase classname="Rest_Day1.Rest_Day1" name="fetchuser" time="7.670"/>
  <system-out/>
</testsuite> <!-- Rest_Day1.Rest_Day1 -->
